<?xml version="1.0" encoding="utf-8"?><testsuites name="pytest tests"><testsuite name="pytest" errors="2" failures="0" skipped="1" tests="3" time="3.764" timestamp="2026-01-19T12:54:31.394331+02:00" hostname="DESKTOP-3E89KML"><testcase classname="" name="accounts.tests.regression.test_regression_models" time="0.000"><skipped message="collection skipped">('C:\\Users\\Serge\\Desktop\\DC48k_Train\\dev\\accounts\\tests\\regression\\test_regression_models.py', 4, 'unittest.case.SkipTest: Disabled: non-crisis regression tests')</skipped></testcase><testcase classname="" name="accounts.tests.unit.test_forms" time="0.000"><error message="collection failure">ImportError while importing test module 'C:\Users\Serge\Desktop\DC48k_Train\dev\accounts\tests\unit\test_forms.py'.
Hint: make sure your test modules/packages have valid Python names.
Traceback:
..\..\..\AppData\Local\Programs\Python\Python311\Lib\importlib\__init__.py:126: in import_module
    return _bootstrap._gcd_import(name[level:], package, level)
           ^^^^^^^^^^^^^^^^^^^^^^^^^^^^^^^^^^^^^^^^^^^^^^^^^^^^
accounts\tests\unit\test_forms.py:3: in &lt;module&gt;
    from accounts.models import User, Credential, CredentialCategory
E   ImportError: cannot import name 'User' from 'accounts.models' (C:\Users\Serge\Desktop\DC48k_Train\dev\accounts\models.py)</error></testcase><testcase classname="" name="accounts.tests.unit.test_models" time="0.000"><error message="collection failure">ImportError while importing test module 'C:\Users\Serge\Desktop\DC48k_Train\dev\accounts\tests\unit\test_models.py'.
Hint: make sure your test modules/packages have valid Python names.
Traceback:
..\..\..\AppData\Local\Programs\Python\Python311\Lib\importlib\__init__.py:126: in import_module
    return _bootstrap._gcd_import(name[level:], package, level)
           ^^^^^^^^^^^^^^^^^^^^^^^^^^^^^^^^^^^^^^^^^^^^^^^^^^^^
accounts\tests\unit\test_models.py:2: in &lt;module&gt;
    from accounts.models import User, Department, Credential, CredentialCategory, TaskGroups, Tracker
E   ImportError: cannot import name 'User' from 'accounts.models' (C:\Users\Serge\Desktop\DC48k_Train\dev\accounts\models.py)</error></testcase></testsuite></testsuites>